<?xml version="1.0" encoding="UTF-8"?>
<testsuite xmlns:xsi="http://www.w3.org/2001/XMLSchema-instance" xsi:noNamespaceSchemaLocation="https://maven.apache.org/surefire/maven-surefire-plugin/xsd/surefire-test-report-3.0.xsd" version="3.0" name="TestReturnBooks" time="0.274" tests="6" errors="0" skipped="0" failures="0">
  <properties>
    <property name="java.specification.version" value="21"/>
    <property name="sun.cpu.isalist" value="amd64"/>
    <property name="sun.jnu.encoding" value="Cp1252"/>
    <property name="java.class.path" value="C:\Users\PTL\Documents\NetBeansProjects\kata_library_sys\target\test-classes;C:\Users\PTL\Documents\NetBeansProjects\kata_library_sys\target\classes;C:\Users\PTL\.m2\repository\mysql\mysql-connector-java\8.3.0\mysql-connector-java-8.3.0.jar;C:\Users\PTL\.m2\repository\org\junit\jupiter\junit-jupiter-api\5.9.0\junit-jupiter-api-5.9.0.jar;C:\Users\PTL\.m2\repository\org\opentest4j\opentest4j\1.2.0\opentest4j-1.2.0.jar;C:\Users\PTL\.m2\repository\org\junit\platform\junit-platform-commons\1.9.0\junit-platform-commons-1.9.0.jar;C:\Users\PTL\.m2\repository\org\apiguardian\apiguardian-api\1.1.2\apiguardian-api-1.1.2.jar;C:\Users\PTL\.m2\repository\org\junit\jupiter\junit-jupiter-engine\5.9.0\junit-jupiter-engine-5.9.0.jar;C:\Users\PTL\.m2\repository\org\junit\platform\junit-platform-engine\1.9.0\junit-platform-engine-1.9.0.jar;C:\Users\PTL\.m2\repository\org\mockito\mockito-core\4.8.1\mockito-core-4.8.1.jar;C:\Users\PTL\.m2\repository\net\bytebuddy\byte-buddy\1.12.16\byte-buddy-1.12.16.jar;C:\Users\PTL\.m2\repository\net\bytebuddy\byte-buddy-agent\1.12.16\byte-buddy-agent-1.12.16.jar;C:\Users\PTL\.m2\repository\org\objenesis\objenesis\3.2\objenesis-3.2.jar;"/>
    <property name="java.vm.vendor" value="Oracle Corporation"/>
    <property name="sun.arch.data.model" value="64"/>
    <property name="user.variant" value=""/>
    <property name="java.vendor.url" value="https://java.oracle.com/"/>
    <property name="user.timezone" value="Asia/Calcutta"/>
    <property name="os.name" value="Windows 10"/>
    <property name="java.vm.specification.version" value="21"/>
    <property name="user.country" value="IN"/>
    <property name="sun.java.launcher" value="SUN_STANDARD"/>
    <property name="sun.boot.library.path" value="C:\Program Files\Java\jdk-21\bin"/>
    <property name="sun.java.command" value="C:\Users\PTL\AppData\Local\Temp\surefire65994087758334466\surefirebooter-20240901183508847_3.jar C:\Users\PTL\AppData\Local\Temp\surefire65994087758334466 2024-09-01T18-35-08_219-jvmRun1 surefire-20240901183508847_1tmp surefire_0-20240901183508847_2tmp"/>
    <property name="jdk.debug" value="release"/>
    <property name="surefire.test.class.path" value="C:\Users\PTL\Documents\NetBeansProjects\kata_library_sys\target\test-classes;C:\Users\PTL\Documents\NetBeansProjects\kata_library_sys\target\classes;C:\Users\PTL\.m2\repository\mysql\mysql-connector-java\8.3.0\mysql-connector-java-8.3.0.jar;C:\Users\PTL\.m2\repository\org\junit\jupiter\junit-jupiter-api\5.9.0\junit-jupiter-api-5.9.0.jar;C:\Users\PTL\.m2\repository\org\opentest4j\opentest4j\1.2.0\opentest4j-1.2.0.jar;C:\Users\PTL\.m2\repository\org\junit\platform\junit-platform-commons\1.9.0\junit-platform-commons-1.9.0.jar;C:\Users\PTL\.m2\repository\org\apiguardian\apiguardian-api\1.1.2\apiguardian-api-1.1.2.jar;C:\Users\PTL\.m2\repository\org\junit\jupiter\junit-jupiter-engine\5.9.0\junit-jupiter-engine-5.9.0.jar;C:\Users\PTL\.m2\repository\org\junit\platform\junit-platform-engine\1.9.0\junit-platform-engine-1.9.0.jar;C:\Users\PTL\.m2\repository\org\mockito\mockito-core\4.8.1\mockito-core-4.8.1.jar;C:\Users\PTL\.m2\repository\net\bytebuddy\byte-buddy\1.12.16\byte-buddy-1.12.16.jar;C:\Users\PTL\.m2\repository\net\bytebuddy\byte-buddy-agent\1.12.16\byte-buddy-agent-1.12.16.jar;C:\Users\PTL\.m2\repository\org\objenesis\objenesis\3.2\objenesis-3.2.jar;"/>
    <property name="sun.cpu.endian" value="little"/>
    <property name="user.home" value="C:\Users\PTL"/>
    <property name="user.language" value="en"/>
    <property name="java.specification.vendor" value="Oracle Corporation"/>
    <property name="java.version.date" value="2024-01-16"/>
    <property name="java.home" value="C:\Program Files\Java\jdk-21"/>
    <property name="file.separator" value="\"/>
    <property name="basedir" value="C:\Users\PTL\Documents\NetBeansProjects\kata_library_sys"/>
    <property name="java.vm.compressedOopsMode" value="32-bit"/>
    <property name="line.separator" value="&#10;"/>
    <property name="java.vm.specification.vendor" value="Oracle Corporation"/>
    <property name="java.specification.name" value="Java Platform API Specification"/>
    <property name="surefire.real.class.path" value="C:\Users\PTL\AppData\Local\Temp\surefire65994087758334466\surefirebooter-20240901183508847_3.jar"/>
    <property name="user.script" value=""/>
    <property name="sun.management.compiler" value="HotSpot 64-Bit Tiered Compilers"/>
    <property name="java.runtime.version" value="21.0.2+13-LTS-58"/>
    <property name="user.name" value="PTL"/>
    <property name="stdout.encoding" value="Cp1252"/>
    <property name="path.separator" value=";"/>
    <property name="os.version" value="10.0"/>
    <property name="java.runtime.name" value="Java(TM) SE Runtime Environment"/>
    <property name="file.encoding" value="UTF-8"/>
    <property name="java.vm.name" value="Java HotSpot(TM) 64-Bit Server VM"/>
    <property name="maven.ext.class.path" value="C:\Program Files\NetBeans-21\netbeans\java\maven-nblib\netbeans-eventspy.jar"/>
    <property name="localRepository" value="C:\Users\PTL\.m2\repository"/>
    <property name="java.vendor.url.bug" value="https://bugreport.java.com/bugreport/"/>
    <property name="java.io.tmpdir" value="C:\Users\PTL\AppData\Local\Temp\"/>
    <property name="java.version" value="21.0.2"/>
    <property name="user.dir" value="C:\Users\PTL\Documents\NetBeansProjects\kata_library_sys"/>
    <property name="os.arch" value="amd64"/>
    <property name="java.vm.specification.name" value="Java Virtual Machine Specification"/>
    <property name="sun.os.patch.level" value=""/>
    <property name="native.encoding" value="Cp1252"/>
    <property name="java.library.path" value="C:\Program Files\Java\jdk-21\bin;C:\WINDOWS\Sun\Java\bin;C:\WINDOWS\system32;C:\WINDOWS;C:\Program Files\Common Files\Oracle\Java\javapath;C:\Program Files (x86)\Common Files\Oracle\Java\javapath;C:\WINDOWS\system32;C:\WINDOWS;C:\WINDOWS\System32\Wbem;C:\WINDOWS\System32\WindowsPowerShell\v1.0\;C:\WINDOWS\System32\OpenSSH\;C:\Program Files\nodejs\;C:\Program Files\Git\cmd;C:\xampp\php;C:\composer;C:\Program Files\Java\jdk-22\bin;C:\Program Files\Java\jre-1.8\bin;C:\apache-maven-3.9.6-bin\apache-maven-3.9.6\bin;C:\Users\PTL\AppData\Local\Programs\Python\Python312\Scripts\;C:\Users\PTL\AppData\Local\Programs\Python\Python312\;C:\Users\PTL\AppData\Local\Microsoft\WindowsApps;C:\Users\PTL\AppData\Local\Programs\Microsoft VS Code\bin;C:\Users\PTL\AppData\Roaming\npm;C:\Program Files\nodejs;C:\Program Files\CodeBlocks\MinGW\bin;C:\Users\PTL\AppData\Roaming\Composer\vendor\bin;C:\xampp\php\PEAR;C:\Users\PTL\Downloads\jdk-21_linux-aarch64_bin\jdk-21.0.2\bin;;."/>
    <property name="java.vm.info" value="mixed mode, sharing"/>
    <property name="stderr.encoding" value="Cp1252"/>
    <property name="java.vendor" value="Oracle Corporation"/>
    <property name="java.vm.version" value="21.0.2+13-LTS-58"/>
    <property name="sun.io.unicode.encoding" value="UnicodeLittle"/>
    <property name="java.class.version" value="65.0"/>
  </properties>
  <testcase name="test_book_is_not_borrowed" classname="TestReturnBooks" time="0.012">
    <system-out><![CDATA[Connected to the database successfully!
]]></system-out>
  </testcase>
  <testcase name="test_borrow_int_user_id" classname="TestReturnBooks" time="0.147">
    <system-out><![CDATA[Connected to the database successfully!
]]></system-out>
  </testcase>
  <testcase name="test_returner_exists" classname="TestReturnBooks" time="0.067">
    <system-out><![CDATA[Connected to the database successfully!
]]></system-out>
  </testcase>
  <testcase name="test_return_return_type_is_boolean" classname="TestReturnBooks" time="0.013">
    <system-out><![CDATA[Connected to the database successfully!
]]></system-out>
  </testcase>
  <testcase name="test_borrow_book_string_ISBN" classname="TestReturnBooks" time="0.012">
    <system-out><![CDATA[Connected to the database successfully!
]]></system-out>
  </testcase>
  <testcase name="test_return_book_using_wrong_ISBN" classname="TestReturnBooks" time="0.012">
    <system-out><![CDATA[Connected to the database successfully!
]]></system-out>
  </testcase>
</testsuite>